2025-10-25T00:35:19.183+09:00  INFO 13646 --- [Bank-Card] [main] code.uz.bankcard.BankCardApplication     : Starting BankCardApplication using Java 23.0.2 with PID 13646 (/Users/nodirjonokilov/Desktop/Bank-Card/target/classes started by nodirjonokilov in /Users/nodirjonokilov/Desktop/Bank-Card)
2025-10-25T00:35:19.185+09:00  INFO 13646 --- [Bank-Card] [main] code.uz.bankcard.BankCardApplication     : No active profile set, falling back to 1 default profile: "default"
2025-10-25T00:35:19.529+09:00  INFO 13646 --- [Bank-Card] [main] .s.d.r.c.RepositoryConfigurationDelegate : Bootstrapping Spring Data JPA repositories in DEFAULT mode.
2025-10-25T00:35:19.550+09:00  INFO 13646 --- [Bank-Card] [main] .s.d.r.c.RepositoryConfigurationDelegate : Finished Spring Data repository scanning in 18 ms. Found 4 JPA repository interfaces.
2025-10-25T00:35:19.767+09:00  INFO 13646 --- [Bank-Card] [main] o.s.b.w.embedded.tomcat.TomcatWebServer  : Tomcat initialized with port 8080 (http)
2025-10-25T00:35:19.775+09:00  INFO 13646 --- [Bank-Card] [main] o.apache.catalina.core.StandardService   : Starting service [Tomcat]
2025-10-25T00:35:19.775+09:00  INFO 13646 --- [Bank-Card] [main] o.apache.catalina.core.StandardEngine    : Starting Servlet engine: [Apache Tomcat/10.1.46]
2025-10-25T00:35:19.795+09:00  INFO 13646 --- [Bank-Card] [main] o.a.c.c.C.[Tomcat].[localhost].[/]       : Initializing Spring embedded WebApplicationContext
2025-10-25T00:35:19.796+09:00  INFO 13646 --- [Bank-Card] [main] w.s.c.ServletWebServerApplicationContext : Root WebApplicationContext: initialization completed in 596 ms
2025-10-25T00:35:19.853+09:00  INFO 13646 --- [Bank-Card] [main] com.zaxxer.hikari.HikariDataSource       : HikariPool-1 - Starting...
2025-10-25T00:35:20.876+09:00 ERROR 13646 --- [Bank-Card] [main] o.s.b.web.embedded.tomcat.TomcatStarter  : Error starting Tomcat context. Exception: org.springframework.beans.factory.UnsatisfiedDependencyException. Message: Error creating bean with name 'jwtAuthenticationFilter' defined in file [/Users/nodirjonokilov/Desktop/Bank-Card/target/classes/code/uz/bankcard/config/JwtAuthenticationFilter.class]: Unsatisfied dependency expressed through constructor parameter 0: Error creating bean with name 'customUserDetailsService' defined in file [/Users/nodirjonokilov/Desktop/Bank-Card/target/classes/code/uz/bankcard/config/CustomUserDetailsService.class]: Unsatisfied dependency expressed through constructor parameter 0: Error creating bean with name 'profileRepository' defined in code.uz.bankcard.repository.ProfileRepository defined in @EnableJpaRepositories declared on JpaRepositoriesRegistrar.EnableJpaRepositoriesConfiguration: Cannot resolve reference to bean 'jpaSharedEM_entityManagerFactory' while setting bean property 'entityManager'
2025-10-25T00:35:20.906+09:00  INFO 13646 --- [Bank-Card] [main] o.apache.catalina.core.StandardService   : Stopping service [Tomcat]
2025-10-25T00:35:20.910+09:00  WARN 13646 --- [Bank-Card] [main] ConfigServletWebServerApplicationContext : Exception encountered during context initialization - cancelling refresh attempt: org.springframework.context.ApplicationContextException: Unable to start web server
2025-10-25T00:35:20.917+09:00  INFO 13646 --- [Bank-Card] [main] .s.b.a.l.ConditionEvaluationReportLogger : 

Error starting ApplicationContext. To display the condition evaluation report re-run your application with 'debug' enabled.
2025-10-25T00:35:20.925+09:00 ERROR 13646 --- [Bank-Card] [main] o.s.boot.SpringApplication               : Application run failed

org.springframework.context.ApplicationContextException: Unable to start web server
	at org.springframework.boot.web.servlet.context.ServletWebServerApplicationContext.onRefresh(ServletWebServerApplicationContext.java:170) ~[spring-boot-3.5.6.jar:3.5.6]
	at org.springframework.context.support.AbstractApplicationContext.refresh(AbstractApplicationContext.java:621) ~[spring-context-6.2.11.jar:6.2.11]
	at org.springframework.boot.web.servlet.context.ServletWebServerApplicationContext.refresh(ServletWebServerApplicationContext.java:146) ~[spring-boot-3.5.6.jar:3.5.6]
	at org.springframework.boot.SpringApplication.refresh(SpringApplication.java:752) ~[spring-boot-3.5.6.jar:3.5.6]
	at org.springframework.boot.SpringApplication.refreshContext(SpringApplication.java:439) ~[spring-boot-3.5.6.jar:3.5.6]
	at org.springframework.boot.SpringApplication.run(SpringApplication.java:318) ~[spring-boot-3.5.6.jar:3.5.6]
	at org.springframework.boot.SpringApplication.run(SpringApplication.java:1361) ~[spring-boot-3.5.6.jar:3.5.6]
	at org.springframework.boot.SpringApplication.run(SpringApplication.java:1350) ~[spring-boot-3.5.6.jar:3.5.6]
	at code.uz.bankcard.BankCardApplication.main(BankCardApplication.java:10) ~[classes/:na]
Caused by: org.springframework.boot.web.server.WebServerException: Unable to start embedded Tomcat
	at org.springframework.boot.web.embedded.tomcat.TomcatWebServer.initialize(TomcatWebServer.java:147) ~[spring-boot-3.5.6.jar:3.5.6]
	at org.springframework.boot.web.embedded.tomcat.TomcatWebServer.<init>(TomcatWebServer.java:107) ~[spring-boot-3.5.6.jar:3.5.6]
	at org.springframework.boot.web.embedded.tomcat.TomcatServletWebServerFactory.getTomcatWebServer(TomcatServletWebServerFactory.java:517) ~[spring-boot-3.5.6.jar:3.5.6]
	at org.springframework.boot.web.embedded.tomcat.TomcatServletWebServerFactory.getWebServer(TomcatServletWebServerFactory.java:219) ~[spring-boot-3.5.6.jar:3.5.6]
	at org.springframework.boot.web.servlet.context.ServletWebServerApplicationContext.createWebServer(ServletWebServerApplicationContext.java:193) ~[spring-boot-3.5.6.jar:3.5.6]
	at org.springframework.boot.web.servlet.context.ServletWebServerApplicationContext.onRefresh(ServletWebServerApplicationContext.java:167) ~[spring-boot-3.5.6.jar:3.5.6]
	... 8 common frames omitted
Caused by: org.springframework.beans.factory.UnsatisfiedDependencyException: Error creating bean with name 'jwtAuthenticationFilter' defined in file [/Users/nodirjonokilov/Desktop/Bank-Card/target/classes/code/uz/bankcard/config/JwtAuthenticationFilter.class]: Unsatisfied dependency expressed through constructor parameter 0: Error creating bean with name 'customUserDetailsService' defined in file [/Users/nodirjonokilov/Desktop/Bank-Card/target/classes/code/uz/bankcard/config/CustomUserDetailsService.class]: Unsatisfied dependency expressed through constructor parameter 0: Error creating bean with name 'profileRepository' defined in code.uz.bankcard.repository.ProfileRepository defined in @EnableJpaRepositories declared on JpaRepositoriesRegistrar.EnableJpaRepositoriesConfiguration: Cannot resolve reference to bean 'jpaSharedEM_entityManagerFactory' while setting bean property 'entityManager'
	at org.springframework.beans.factory.support.ConstructorResolver.createArgumentArray(ConstructorResolver.java:804) ~[spring-beans-6.2.11.jar:6.2.11]
	at org.springframework.beans.factory.support.ConstructorResolver.autowireConstructor(ConstructorResolver.java:240) ~[spring-beans-6.2.11.jar:6.2.11]
	at org.springframework.beans.factory.support.AbstractAutowireCapableBeanFactory.autowireConstructor(AbstractAutowireCapableBeanFactory.java:1395) ~[spring-beans-6.2.11.jar:6.2.11]
	at org.springframework.beans.factory.support.AbstractAutowireCapableBeanFactory.createBeanInstance(AbstractAutowireCapableBeanFactory.java:1232) ~[spring-beans-6.2.11.jar:6.2.11]
	at org.springframework.beans.factory.support.AbstractAutowireCapableBeanFactory.doCreateBean(AbstractAutowireCapableBeanFactory.java:569) ~[spring-beans-6.2.11.jar:6.2.11]
	at org.springframework.beans.factory.support.AbstractAutowireCapableBeanFactory.createBean(AbstractAutowireCapableBeanFactory.java:529) ~[spring-beans-6.2.11.jar:6.2.11]
	at org.springframework.beans.factory.support.AbstractBeanFactory.lambda$doGetBean$0(AbstractBeanFactory.java:339) ~[spring-beans-6.2.11.jar:6.2.11]
	at org.springframework.beans.factory.support.DefaultSingletonBeanRegistry.getSingleton(DefaultSingletonBeanRegistry.java:373) ~[spring-beans-6.2.11.jar:6.2.11]
	at org.springframework.beans.factory.support.AbstractBeanFactory.doGetBean(AbstractBeanFactory.java:337) ~[spring-beans-6.2.11.jar:6.2.11]
	at org.springframework.beans.factory.support.AbstractBeanFactory.getBean(AbstractBeanFactory.java:207) ~[spring-beans-6.2.11.jar:6.2.11]
	at org.springframework.boot.web.servlet.ServletContextInitializerBeans.getOrderedBeansOfType(ServletContextInitializerBeans.java:230) ~[spring-boot-3.5.6.jar:3.5.6]
	at org.springframework.boot.web.servlet.ServletContextInitializerBeans.addAsRegistrationBean(ServletContextInitializerBeans.java:184) ~[spring-boot-3.5.6.jar:3.5.6]
	at org.springframework.boot.web.servlet.ServletContextInitializerBeans.addAsRegistrationBean(ServletContextInitializerBeans.java:179) ~[spring-boot-3.5.6.jar:3.5.6]
	at org.springframework.boot.web.servlet.ServletContextInitializerBeans.addAdaptableBeans(ServletContextInitializerBeans.java:164) ~[spring-boot-3.5.6.jar:3.5.6]
	at org.springframework.boot.web.servlet.ServletContextInitializerBeans.<init>(ServletContextInitializerBeans.java:96) ~[spring-boot-3.5.6.jar:3.5.6]
	at org.springframework.boot.web.servlet.context.ServletWebServerApplicationContext.getServletContextInitializerBeans(ServletWebServerApplicationContext.java:271) ~[spring-boot-3.5.6.jar:3.5.6]
	at org.springframework.boot.web.servlet.context.ServletWebServerApplicationContext.selfInitialize(ServletWebServerApplicationContext.java:245) ~[spring-boot-3.5.6.jar:3.5.6]
	at org.springframework.boot.web.embedded.tomcat.TomcatStarter.onStartup(TomcatStarter.java:52) ~[spring-boot-3.5.6.jar:3.5.6]
	at org.apache.catalina.core.StandardContext.startInternal(StandardContext.java:4464) ~[tomcat-embed-core-10.1.46.jar:10.1.46]
	at org.apache.catalina.util.LifecycleBase.start(LifecycleBase.java:164) ~[tomcat-embed-core-10.1.46.jar:10.1.46]
	at org.apache.catalina.core.ContainerBase$StartChild.call(ContainerBase.java:1203) ~[tomcat-embed-core-10.1.46.jar:10.1.46]
	at org.apache.catalina.core.ContainerBase$StartChild.call(ContainerBase.java:1193) ~[tomcat-embed-core-10.1.46.jar:10.1.46]
	at java.base/java.util.concurrent.FutureTask.run(FutureTask.java:317) ~[na:na]
	at org.apache.tomcat.util.threads.InlineExecutorService.execute(InlineExecutorService.java:81) ~[tomcat-embed-core-10.1.46.jar:10.1.46]
	at java.base/java.util.concurrent.AbstractExecutorService.submit(AbstractExecutorService.java:148) ~[na:na]
	at org.apache.catalina.core.ContainerBase.startInternal(ContainerBase.java:749) ~[tomcat-embed-core-10.1.46.jar:10.1.46]
	at org.apache.catalina.core.StandardHost.startInternal(StandardHost.java:773) ~[tomcat-embed-core-10.1.46.jar:10.1.46]
	at org.apache.catalina.util.LifecycleBase.start(LifecycleBase.java:164) ~[tomcat-embed-core-10.1.46.jar:10.1.46]
	at org.apache.catalina.core.ContainerBase$StartChild.call(ContainerBase.java:1203) ~[tomcat-embed-core-10.1.46.jar:10.1.46]
	at org.apache.catalina.core.ContainerBase$StartChild.call(ContainerBase.java:1193) ~[tomcat-embed-core-10.1.46.jar:10.1.46]
	at java.base/java.util.concurrent.FutureTask.run(FutureTask.java:317) ~[na:na]
	at org.apache.tomcat.util.threads.InlineExecutorService.execute(InlineExecutorService.java:81) ~[tomcat-embed-core-10.1.46.jar:10.1.46]
	at java.base/java.util.concurrent.AbstractExecutorService.submit(AbstractExecutorService.java:148) ~[na:na]
	at org.apache.catalina.core.ContainerBase.startInternal(ContainerBase.java:749) ~[tomcat-embed-core-10.1.46.jar:10.1.46]
	at org.apache.catalina.core.StandardEngine.startInternal(StandardEngine.java:203) ~[tomcat-embed-core-10.1.46.jar:10.1.46]
	at org.apache.catalina.util.LifecycleBase.start(LifecycleBase.java:164) ~[tomcat-embed-core-10.1.46.jar:10.1.46]
	at org.apache.catalina.core.StandardService.startInternal(StandardService.java:412) ~[tomcat-embed-core-10.1.46.jar:10.1.46]
	at org.apache.catalina.util.LifecycleBase.start(LifecycleBase.java:164) ~[tomcat-embed-core-10.1.46.jar:10.1.46]
	at org.apache.catalina.core.StandardServer.startInternal(StandardServer.java:870) ~[tomcat-embed-core-10.1.46.jar:10.1.46]
	at org.apache.catalina.util.LifecycleBase.start(LifecycleBase.java:164) ~[tomcat-embed-core-10.1.46.jar:10.1.46]
	at org.apache.catalina.startup.Tomcat.start(Tomcat.java:438) ~[tomcat-embed-core-10.1.46.jar:10.1.46]
	at org.springframework.boot.web.embedded.tomcat.TomcatWebServer.initialize(TomcatWebServer.java:128) ~[spring-boot-3.5.6.jar:3.5.6]
	... 13 common frames omitted
Caused by: org.springframework.beans.factory.UnsatisfiedDependencyException: Error creating bean with name 'customUserDetailsService' defined in file [/Users/nodirjonokilov/Desktop/Bank-Card/target/classes/code/uz/bankcard/config/CustomUserDetailsService.class]: Unsatisfied dependency expressed through constructor parameter 0: Error creating bean with name 'profileRepository' defined in code.uz.bankcard.repository.ProfileRepository defined in @EnableJpaRepositories declared on JpaRepositoriesRegistrar.EnableJpaRepositoriesConfiguration: Cannot resolve reference to bean 'jpaSharedEM_entityManagerFactory' while setting bean property 'entityManager'
	at org.springframework.beans.factory.support.ConstructorResolver.createArgumentArray(ConstructorResolver.java:804) ~[spring-beans-6.2.11.jar:6.2.11]
	at org.springframework.beans.factory.support.ConstructorResolver.autowireConstructor(ConstructorResolver.java:240) ~[spring-beans-6.2.11.jar:6.2.11]
	at org.springframework.beans.factory.support.AbstractAutowireCapableBeanFactory.autowireConstructor(AbstractAutowireCapableBeanFactory.java:1395) ~[spring-beans-6.2.11.jar:6.2.11]
	at org.springframework.beans.factory.support.AbstractAutowireCapableBeanFactory.createBeanInstance(AbstractAutowireCapableBeanFactory.java:1232) ~[spring-beans-6.2.11.jar:6.2.11]
	at org.springframework.beans.factory.support.AbstractAutowireCapableBeanFactory.doCreateBean(AbstractAutowireCapableBeanFactory.java:569) ~[spring-beans-6.2.11.jar:6.2.11]
	at org.springframework.beans.factory.support.AbstractAutowireCapableBeanFactory.createBean(AbstractAutowireCapableBeanFactory.java:529) ~[spring-beans-6.2.11.jar:6.2.11]
	at org.springframework.beans.factory.support.AbstractBeanFactory.lambda$doGetBean$0(AbstractBeanFactory.java:339) ~[spring-beans-6.2.11.jar:6.2.11]
	at org.springframework.beans.factory.support.DefaultSingletonBeanRegistry.getSingleton(DefaultSingletonBeanRegistry.java:373) ~[spring-beans-6.2.11.jar:6.2.11]
	at org.springframework.beans.factory.support.AbstractBeanFactory.doGetBean(AbstractBeanFactory.java:337) ~[spring-beans-6.2.11.jar:6.2.11]
	at org.springframework.beans.factory.support.AbstractBeanFactory.getBean(AbstractBeanFactory.java:202) ~[spring-beans-6.2.11.jar:6.2.11]
	at org.springframework.beans.factory.support.DefaultListableBeanFactory.doResolveDependency(DefaultListableBeanFactory.java:1698) ~[spring-beans-6.2.11.jar:6.2.11]
	at org.springframework.beans.factory.support.DefaultListableBeanFactory.resolveDependency(DefaultListableBeanFactory.java:1643) ~[spring-beans-6.2.11.jar:6.2.11]
	at org.springframework.beans.factory.support.ConstructorResolver.resolveAutowiredArgument(ConstructorResolver.java:913) ~[spring-beans-6.2.11.jar:6.2.11]
	at org.springframework.beans.factory.support.ConstructorResolver.createArgumentArray(ConstructorResolver.java:791) ~[spring-beans-6.2.11.jar:6.2.11]
	... 54 common frames omitted
Caused by: org.springframework.beans.factory.BeanCreationException: Error creating bean with name 'profileRepository' defined in code.uz.bankcard.repository.ProfileRepository defined in @EnableJpaRepositories declared on JpaRepositoriesRegistrar.EnableJpaRepositoriesConfiguration: Cannot resolve reference to bean 'jpaSharedEM_entityManagerFactory' while setting bean property 'entityManager'
	at org.springframework.beans.factory.support.BeanDefinitionValueResolver.resolveReference(BeanDefinitionValueResolver.java:377) ~[spring-beans-6.2.11.jar:6.2.11]
	at org.springframework.beans.factory.support.BeanDefinitionValueResolver.resolveValueIfNecessary(BeanDefinitionValueResolver.java:135) ~[spring-beans-6.2.11.jar:6.2.11]
	at org.springframework.beans.factory.support.AbstractAutowireCapableBeanFactory.applyPropertyValues(AbstractAutowireCapableBeanFactory.java:1725) ~[spring-beans-6.2.11.jar:6.2.11]
	at org.springframework.beans.factory.support.AbstractAutowireCapableBeanFactory.populateBean(AbstractAutowireCapableBeanFactory.java:1474) ~[spring-beans-6.2.11.jar:6.2.11]
	at org.springframework.beans.factory.support.AbstractAutowireCapableBeanFactory.doCreateBean(AbstractAutowireCapableBeanFactory.java:606) ~[spring-beans-6.2.11.jar:6.2.11]
	at org.springframework.beans.factory.support.AbstractAutowireCapableBeanFactory.createBean(AbstractAutowireCapableBeanFactory.java:529) ~[spring-beans-6.2.11.jar:6.2.11]
	at org.springframework.beans.factory.support.AbstractBeanFactory.lambda$doGetBean$0(AbstractBeanFactory.java:339) ~[spring-beans-6.2.11.jar:6.2.11]
	at org.springframework.beans.factory.support.DefaultSingletonBeanRegistry.getSingleton(DefaultSingletonBeanRegistry.java:373) ~[spring-beans-6.2.11.jar:6.2.11]
	at org.springframework.beans.factory.support.AbstractBeanFactory.doGetBean(AbstractBeanFactory.java:337) ~[spring-beans-6.2.11.jar:6.2.11]
	at org.springframework.beans.factory.support.AbstractBeanFactory.getBean(AbstractBeanFactory.java:202) ~[spring-beans-6.2.11.jar:6.2.11]
	at org.springframework.beans.factory.support.DefaultListableBeanFactory.doResolveDependency(DefaultListableBeanFactory.java:1698) ~[spring-beans-6.2.11.jar:6.2.11]
	at org.springframework.beans.factory.support.DefaultListableBeanFactory.resolveDependency(DefaultListableBeanFactory.java:1643) ~[spring-beans-6.2.11.jar:6.2.11]
	at org.springframework.beans.factory.support.ConstructorResolver.resolveAutowiredArgument(ConstructorResolver.java:913) ~[spring-beans-6.2.11.jar:6.2.11]
	at org.springframework.beans.factory.support.ConstructorResolver.createArgumentArray(ConstructorResolver.java:791) ~[spring-beans-6.2.11.jar:6.2.11]
	... 67 common frames omitted
Caused by: org.springframework.beans.factory.BeanCreationException: Error creating bean with name 'jpaSharedEM_entityManagerFactory': Cannot resolve reference to bean 'entityManagerFactory' while setting constructor argument
	at org.springframework.beans.factory.support.BeanDefinitionValueResolver.resolveReference(BeanDefinitionValueResolver.java:377) ~[spring-beans-6.2.11.jar:6.2.11]
	at org.springframework.beans.factory.support.BeanDefinitionValueResolver.resolveValueIfNecessary(BeanDefinitionValueResolver.java:135) ~[spring-beans-6.2.11.jar:6.2.11]
	at org.springframework.beans.factory.support.ConstructorResolver.resolveConstructorArguments(ConstructorResolver.java:691) ~[spring-beans-6.2.11.jar:6.2.11]
	at org.springframework.beans.factory.support.ConstructorResolver.instantiateUsingFactoryMethod(ConstructorResolver.java:513) ~[spring-beans-6.2.11.jar:6.2.11]
	at org.springframework.beans.factory.support.AbstractAutowireCapableBeanFactory.instantiateUsingFactoryMethod(AbstractAutowireCapableBeanFactory.java:1375) ~[spring-beans-6.2.11.jar:6.2.11]
	at org.springframework.beans.factory.support.AbstractAutowireCapableBeanFactory.createBeanInstance(AbstractAutowireCapableBeanFactory.java:1205) ~[spring-beans-6.2.11.jar:6.2.11]
	at org.springframework.beans.factory.support.AbstractAutowireCapableBeanFactory.doCreateBean(AbstractAutowireCapableBeanFactory.java:569) ~[spring-beans-6.2.11.jar:6.2.11]
	at org.springframework.beans.factory.support.AbstractAutowireCapableBeanFactory.createBean(AbstractAutowireCapableBeanFactory.java:529) ~[spring-beans-6.2.11.jar:6.2.11]
	at org.springframework.beans.factory.support.AbstractBeanFactory.lambda$doGetBean$0(AbstractBeanFactory.java:339) ~[spring-beans-6.2.11.jar:6.2.11]
	at org.springframework.beans.factory.support.DefaultSingletonBeanRegistry.getSingleton(DefaultSingletonBeanRegistry.java:373) ~[spring-beans-6.2.11.jar:6.2.11]
	at org.springframework.beans.factory.support.AbstractBeanFactory.doGetBean(AbstractBeanFactory.java:337) ~[spring-beans-6.2.11.jar:6.2.11]
	at org.springframework.beans.factory.support.AbstractBeanFactory.getBean(AbstractBeanFactory.java:202) ~[spring-beans-6.2.11.jar:6.2.11]
	at org.springframework.beans.factory.support.BeanDefinitionValueResolver.resolveReference(BeanDefinitionValueResolver.java:365) ~[spring-beans-6.2.11.jar:6.2.11]
	... 80 common frames omitted
Caused by: org.springframework.beans.factory.BeanCreationException: Error creating bean with name 'liquibase' defined in class path resource [org/springframework/boot/autoconfigure/liquibase/LiquibaseAutoConfiguration$LiquibaseConfiguration.class]: liquibase.exception.DatabaseException: org.postgresql.util.PSQLException: Connection to localhost:5432 refused. Check that the hostname and port are correct and that the postmaster is accepting TCP/IP connections.
	at org.springframework.beans.factory.support.AbstractAutowireCapableBeanFactory.initializeBean(AbstractAutowireCapableBeanFactory.java:1826) ~[spring-beans-6.2.11.jar:6.2.11]
	at org.springframework.beans.factory.support.AbstractAutowireCapableBeanFactory.doCreateBean(AbstractAutowireCapableBeanFactory.java:607) ~[spring-beans-6.2.11.jar:6.2.11]
	at org.springframework.beans.factory.support.AbstractAutowireCapableBeanFactory.createBean(AbstractAutowireCapableBeanFactory.java:529) ~[spring-beans-6.2.11.jar:6.2.11]
	at org.springframework.beans.factory.support.AbstractBeanFactory.lambda$doGetBean$0(AbstractBeanFactory.java:339) ~[spring-beans-6.2.11.jar:6.2.11]
	at org.springframework.beans.factory.support.DefaultSingletonBeanRegistry.getSingleton(DefaultSingletonBeanRegistry.java:373) ~[spring-beans-6.2.11.jar:6.2.11]
	at org.springframework.beans.factory.support.AbstractBeanFactory.doGetBean(AbstractBeanFactory.java:337) ~[spring-beans-6.2.11.jar:6.2.11]
	at org.springframework.beans.factory.support.AbstractBeanFactory.getBean(AbstractBeanFactory.java:202) ~[spring-beans-6.2.11.jar:6.2.11]
	at org.springframework.beans.factory.support.AbstractBeanFactory.doGetBean(AbstractBeanFactory.java:315) ~[spring-beans-6.2.11.jar:6.2.11]
	at org.springframework.beans.factory.support.AbstractBeanFactory.getBean(AbstractBeanFactory.java:202) ~[spring-beans-6.2.11.jar:6.2.11]
	at org.springframework.beans.factory.support.BeanDefinitionValueResolver.resolveReference(BeanDefinitionValueResolver.java:365) ~[spring-beans-6.2.11.jar:6.2.11]
	... 92 common frames omitted
Caused by: liquibase.exception.UnexpectedLiquibaseException: liquibase.exception.DatabaseException: org.postgresql.util.PSQLException: Connection to localhost:5432 refused. Check that the hostname and port are correct and that the postmaster is accepting TCP/IP connections.
	at liquibase.integration.spring.SpringLiquibase.afterPropertiesSet(SpringLiquibase.java:267) ~[liquibase-core-4.29.2.jar:na]
	at org.springframework.beans.factory.support.AbstractAutowireCapableBeanFactory.invokeInitMethods(AbstractAutowireCapableBeanFactory.java:1873) ~[spring-beans-6.2.11.jar:6.2.11]
	at org.springframework.beans.factory.support.AbstractAutowireCapableBeanFactory.initializeBean(AbstractAutowireCapableBeanFactory.java:1822) ~[spring-beans-6.2.11.jar:6.2.11]
	... 101 common frames omitted
Caused by: liquibase.exception.DatabaseException: org.postgresql.util.PSQLException: Connection to localhost:5432 refused. Check that the hostname and port are correct and that the postmaster is accepting TCP/IP connections.
	at liquibase.integration.spring.SpringLiquibase.lambda$afterPropertiesSet$0(SpringLiquibase.java:259) ~[liquibase-core-4.29.2.jar:na]
	at liquibase.Scope.lambda$child$0(Scope.java:191) ~[liquibase-core-4.29.2.jar:na]
	at liquibase.Scope.child(Scope.java:200) ~[liquibase-core-4.29.2.jar:na]
	at liquibase.Scope.child(Scope.java:190) ~[liquibase-core-4.29.2.jar:na]
	at liquibase.Scope.child(Scope.java:169) ~[liquibase-core-4.29.2.jar:na]
	at liquibase.Scope.child(Scope.java:257) ~[liquibase-core-4.29.2.jar:na]
	at liquibase.integration.spring.SpringLiquibase.afterPropertiesSet(SpringLiquibase.java:250) ~[liquibase-core-4.29.2.jar:na]
	... 103 common frames omitted
Caused by: org.postgresql.util.PSQLException: Connection to localhost:5432 refused. Check that the hostname and port are correct and that the postmaster is accepting TCP/IP connections.
	at org.postgresql.core.v3.ConnectionFactoryImpl.openConnectionImpl(ConnectionFactoryImpl.java:373) ~[postgresql-42.7.7.jar:42.7.7]
	at org.postgresql.core.ConnectionFactory.openConnection(ConnectionFactory.java:57) ~[postgresql-42.7.7.jar:42.7.7]
	at org.postgresql.jdbc.PgConnection.<init>(PgConnection.java:277) ~[postgresql-42.7.7.jar:42.7.7]
	at org.postgresql.Driver.makeConnection(Driver.java:448) ~[postgresql-42.7.7.jar:42.7.7]
	at org.postgresql.Driver.connect(Driver.java:298) ~[postgresql-42.7.7.jar:42.7.7]
	at com.zaxxer.hikari.util.DriverDataSource.getConnection(DriverDataSource.java:144) ~[HikariCP-6.3.3.jar:na]
	at com.zaxxer.hikari.pool.PoolBase.newConnection(PoolBase.java:370) ~[HikariCP-6.3.3.jar:na]
	at com.zaxxer.hikari.pool.PoolBase.newPoolEntry(PoolBase.java:207) ~[HikariCP-6.3.3.jar:na]
	at com.zaxxer.hikari.pool.HikariPool.createPoolEntry(HikariPool.java:488) ~[HikariCP-6.3.3.jar:na]
	at com.zaxxer.hikari.pool.HikariPool.checkFailFast(HikariPool.java:576) ~[HikariCP-6.3.3.jar:na]
	at com.zaxxer.hikari.pool.HikariPool.<init>(HikariPool.java:97) ~[HikariCP-6.3.3.jar:na]
	at com.zaxxer.hikari.HikariDataSource.getConnection(HikariDataSource.java:111) ~[HikariCP-6.3.3.jar:na]
	at liquibase.integration.spring.SpringLiquibase.lambda$afterPropertiesSet$0(SpringLiquibase.java:254) ~[liquibase-core-4.29.2.jar:na]
	... 109 common frames omitted
Caused by: java.net.ConnectException: Connection refused
	at java.base/sun.nio.ch.Net.pollConnect(Native Method) ~[na:na]
	at java.base/sun.nio.ch.Net.pollConnectNow(Net.java:682) ~[na:na]
	at java.base/sun.nio.ch.NioSocketImpl.timedFinishConnect(NioSocketImpl.java:542) ~[na:na]
	at java.base/sun.nio.ch.NioSocketImpl.connect(NioSocketImpl.java:592) ~[na:na]
	at java.base/java.net.SocksSocketImpl.connect(SocksSocketImpl.java:327) ~[na:na]
	at java.base/java.net.Socket.connect(Socket.java:760) ~[na:na]
	at org.postgresql.core.PGStream.createSocket(PGStream.java:261) ~[postgresql-42.7.7.jar:42.7.7]
	at org.postgresql.core.PGStream.<init>(PGStream.java:122) ~[postgresql-42.7.7.jar:42.7.7]
	at org.postgresql.core.v3.ConnectionFactoryImpl.tryConnect(ConnectionFactoryImpl.java:146) ~[postgresql-42.7.7.jar:42.7.7]
	at org.postgresql.core.v3.ConnectionFactoryImpl.openConnectionImpl(ConnectionFactoryImpl.java:289) ~[postgresql-42.7.7.jar:42.7.7]
	... 121 common frames omitted

2025-10-25T00:39:51.632+09:00  INFO 13820 --- [Bank-Card] [main] code.uz.bankcard.BankCardApplication     : Starting BankCardApplication using Java 23.0.2 with PID 13820 (/Users/nodirjonokilov/Desktop/Bank-Card/target/classes started by nodirjonokilov in /Users/nodirjonokilov/Desktop/Bank-Card)
2025-10-25T00:39:51.634+09:00  INFO 13820 --- [Bank-Card] [main] code.uz.bankcard.BankCardApplication     : No active profile set, falling back to 1 default profile: "default"
2025-10-25T00:39:51.978+09:00  INFO 13820 --- [Bank-Card] [main] .s.d.r.c.RepositoryConfigurationDelegate : Bootstrapping Spring Data JPA repositories in DEFAULT mode.
2025-10-25T00:39:52.025+09:00  INFO 13820 --- [Bank-Card] [main] .s.d.r.c.RepositoryConfigurationDelegate : Finished Spring Data repository scanning in 41 ms. Found 4 JPA repository interfaces.
2025-10-25T00:39:52.244+09:00  INFO 13820 --- [Bank-Card] [main] o.s.b.w.embedded.tomcat.TomcatWebServer  : Tomcat initialized with port 8080 (http)
2025-10-25T00:39:52.253+09:00  INFO 13820 --- [Bank-Card] [main] o.apache.catalina.core.StandardService   : Starting service [Tomcat]
2025-10-25T00:39:52.253+09:00  INFO 13820 --- [Bank-Card] [main] o.apache.catalina.core.StandardEngine    : Starting Servlet engine: [Apache Tomcat/10.1.46]
2025-10-25T00:39:52.270+09:00  INFO 13820 --- [Bank-Card] [main] o.a.c.c.C.[Tomcat].[localhost].[/]       : Initializing Spring embedded WebApplicationContext
2025-10-25T00:39:52.270+09:00  INFO 13820 --- [Bank-Card] [main] w.s.c.ServletWebServerApplicationContext : Root WebApplicationContext: initialization completed in 619 ms
2025-10-25T00:39:52.325+09:00  INFO 13820 --- [Bank-Card] [main] com.zaxxer.hikari.HikariDataSource       : HikariPool-1 - Starting...
2025-10-25T00:39:52.367+09:00  INFO 13820 --- [Bank-Card] [main] com.zaxxer.hikari.pool.HikariPool        : HikariPool-1 - Added connection org.postgresql.jdbc.PgConnection@69a373fd
2025-10-25T00:39:52.367+09:00  INFO 13820 --- [Bank-Card] [main] com.zaxxer.hikari.HikariDataSource       : HikariPool-1 - Start completed.
2025-10-25T00:39:52.449+09:00  INFO 13820 --- [Bank-Card] [main] liquibase.database                       : Set default schema name to bank_card
2025-10-25T00:39:52.658+09:00  INFO 13820 --- [Bank-Card] [main] liquibase.changelog                      : Reading from bank_card.databasechangelog
2025-10-25T00:39:52.682+09:00  INFO 13820 --- [Bank-Card] [main] liquibase.ui                             : Database is up to date, no changesets to execute
2025-10-25T00:39:52.683+09:00  INFO 13820 --- [Bank-Card] [main] liquibase.changelog                      : Reading from bank_card.databasechangelog
2025-10-25T00:39:52.686+09:00  INFO 13820 --- [Bank-Card] [main] liquibase.util                           : UPDATE SUMMARY
2025-10-25T00:39:52.686+09:00  INFO 13820 --- [Bank-Card] [main] liquibase.util                           : Run:                          0
2025-10-25T00:39:52.686+09:00  INFO 13820 --- [Bank-Card] [main] liquibase.util                           : Previously run:               4
2025-10-25T00:39:52.686+09:00  INFO 13820 --- [Bank-Card] [main] liquibase.util                           : Filtered out:                 0
2025-10-25T00:39:52.686+09:00  INFO 13820 --- [Bank-Card] [main] liquibase.util                           : -------------------------------
2025-10-25T00:39:52.686+09:00  INFO 13820 --- [Bank-Card] [main] liquibase.util                           : Total change sets:            4
2025-10-25T00:39:52.686+09:00  INFO 13820 --- [Bank-Card] [main] liquibase.util                           : Update summary generated
2025-10-25T00:39:52.687+09:00  INFO 13820 --- [Bank-Card] [main] liquibase.command                        : Command execution complete
2025-10-25T00:39:52.723+09:00  INFO 13820 --- [Bank-Card] [main] o.hibernate.jpa.internal.util.LogHelper  : HHH000204: Processing PersistenceUnitInfo [name: default]
2025-10-25T00:39:52.749+09:00  INFO 13820 --- [Bank-Card] [main] org.hibernate.Version                    : HHH000412: Hibernate ORM core version 6.6.29.Final
2025-10-25T00:39:52.761+09:00  INFO 13820 --- [Bank-Card] [main] o.h.c.internal.RegionFactoryInitiator    : HHH000026: Second-level cache disabled
2025-10-25T00:39:52.870+09:00  INFO 13820 --- [Bank-Card] [main] o.s.o.j.p.SpringPersistenceUnitInfo      : No LoadTimeWeaver setup: ignoring JPA class transformer
2025-10-25T00:39:52.905+09:00  INFO 13820 --- [Bank-Card] [main] org.hibernate.orm.connections.pooling    : HHH10001005: Database info:
	Database JDBC URL [Connecting through datasource 'HikariDataSource (HikariPool-1)']
	Database driver: undefined/unknown
	Database version: 17.4
	Autocommit mode: undefined/unknown
	Isolation level: undefined/unknown
	Minimum pool size: undefined/unknown
	Maximum pool size: undefined/unknown
2025-10-25T00:39:53.279+09:00  INFO 13820 --- [Bank-Card] [main] o.h.e.t.j.p.i.JtaPlatformInitiator       : HHH000489: No JTA platform available (set 'hibernate.transaction.jta.platform' to enable JTA platform integration)
2025-10-25T00:39:53.436+09:00  INFO 13820 --- [Bank-Card] [main] j.LocalContainerEntityManagerFactoryBean : Initialized JPA EntityManagerFactory for persistence unit 'default'
2025-10-25T00:39:53.561+09:00  INFO 13820 --- [Bank-Card] [main] o.s.d.j.r.query.QueryEnhancerFactory     : Hibernate is in classpath; If applicable, HQL parser will be used.
2025-10-25T00:39:53.828+09:00  INFO 13820 --- [Bank-Card] [main] r$InitializeUserDetailsManagerConfigurer : Global AuthenticationManager configured with UserDetailsService bean with name customUserDetailsService
2025-10-25T00:39:53.886+09:00  WARN 13820 --- [Bank-Card] [main] JpaBaseConfiguration$JpaWebConfiguration : spring.jpa.open-in-view is enabled by default. Therefore, database queries may be performed during view rendering. Explicitly configure spring.jpa.open-in-view to disable this warning
2025-10-25T00:39:54.176+09:00  INFO 13820 --- [Bank-Card] [main] o.s.b.w.embedded.tomcat.TomcatWebServer  : Tomcat started on port 8080 (http) with context path '/'
2025-10-25T00:39:54.181+09:00  INFO 13820 --- [Bank-Card] [main] code.uz.bankcard.BankCardApplication     : Started BankCardApplication in 2.72 seconds (process running for 3.163)
2025-10-25T00:40:15.615+09:00  INFO 13820 --- [Bank-Card] [SpringApplicationShutdownHook] o.s.b.w.e.tomcat.GracefulShutdown        : Commencing graceful shutdown. Waiting for active requests to complete
2025-10-25T00:40:15.623+09:00  INFO 13820 --- [Bank-Card] [tomcat-shutdown] o.s.b.w.e.tomcat.GracefulShutdown        : Graceful shutdown complete
2025-10-25T00:40:15.627+09:00  INFO 13820 --- [Bank-Card] [SpringApplicationShutdownHook] j.LocalContainerEntityManagerFactoryBean : Closing JPA EntityManagerFactory for persistence unit 'default'
2025-10-25T00:40:15.632+09:00  INFO 13820 --- [Bank-Card] [SpringApplicationShutdownHook] com.zaxxer.hikari.HikariDataSource       : HikariPool-1 - Shutdown initiated...
2025-10-25T00:40:15.635+09:00  INFO 13820 --- [Bank-Card] [SpringApplicationShutdownHook] com.zaxxer.hikari.HikariDataSource       : HikariPool-1 - Shutdown completed.
2025-10-25T00:40:16.909+09:00  INFO 13852 --- [Bank-Card] [main] code.uz.bankcard.BankCardApplication     : Starting BankCardApplication using Java 23.0.2 with PID 13852 (/Users/nodirjonokilov/Desktop/Bank-Card/target/classes started by nodirjonokilov in /Users/nodirjonokilov/Desktop/Bank-Card)
2025-10-25T00:40:16.910+09:00  INFO 13852 --- [Bank-Card] [main] code.uz.bankcard.BankCardApplication     : No active profile set, falling back to 1 default profile: "default"
2025-10-25T00:40:17.232+09:00  INFO 13852 --- [Bank-Card] [main] .s.d.r.c.RepositoryConfigurationDelegate : Bootstrapping Spring Data JPA repositories in DEFAULT mode.
2025-10-25T00:40:17.253+09:00  INFO 13852 --- [Bank-Card] [main] .s.d.r.c.RepositoryConfigurationDelegate : Finished Spring Data repository scanning in 17 ms. Found 4 JPA repository interfaces.
2025-10-25T00:40:17.429+09:00  INFO 13852 --- [Bank-Card] [main] o.s.b.w.embedded.tomcat.TomcatWebServer  : Tomcat initialized with port 8080 (http)
2025-10-25T00:40:17.434+09:00  INFO 13852 --- [Bank-Card] [main] o.apache.catalina.core.StandardService   : Starting service [Tomcat]
2025-10-25T00:40:17.434+09:00  INFO 13852 --- [Bank-Card] [main] o.apache.catalina.core.StandardEngine    : Starting Servlet engine: [Apache Tomcat/10.1.46]
2025-10-25T00:40:17.451+09:00  INFO 13852 --- [Bank-Card] [main] o.a.c.c.C.[Tomcat].[localhost].[/]       : Initializing Spring embedded WebApplicationContext
2025-10-25T00:40:17.451+09:00  INFO 13852 --- [Bank-Card] [main] w.s.c.ServletWebServerApplicationContext : Root WebApplicationContext: initialization completed in 514 ms
2025-10-25T00:40:17.507+09:00  INFO 13852 --- [Bank-Card] [main] com.zaxxer.hikari.HikariDataSource       : HikariPool-1 - Starting...
2025-10-25T00:40:17.543+09:00  INFO 13852 --- [Bank-Card] [main] com.zaxxer.hikari.pool.HikariPool        : HikariPool-1 - Added connection org.postgresql.jdbc.PgConnection@9281d19
2025-10-25T00:40:17.543+09:00  INFO 13852 --- [Bank-Card] [main] com.zaxxer.hikari.HikariDataSource       : HikariPool-1 - Start completed.
2025-10-25T00:40:17.592+09:00  INFO 13852 --- [Bank-Card] [main] liquibase.database                       : Set default schema name to bank_card
2025-10-25T00:40:17.773+09:00  INFO 13852 --- [Bank-Card] [main] liquibase.changelog                      : Reading from bank_card.databasechangelog
2025-10-25T00:40:17.791+09:00  INFO 13852 --- [Bank-Card] [main] liquibase.ui                             : Database is up to date, no changesets to execute
2025-10-25T00:40:17.792+09:00  INFO 13852 --- [Bank-Card] [main] liquibase.changelog                      : Reading from bank_card.databasechangelog
2025-10-25T00:40:17.794+09:00  INFO 13852 --- [Bank-Card] [main] liquibase.util                           : UPDATE SUMMARY
2025-10-25T00:40:17.795+09:00  INFO 13852 --- [Bank-Card] [main] liquibase.util                           : Run:                          0
2025-10-25T00:40:17.795+09:00  INFO 13852 --- [Bank-Card] [main] liquibase.util                           : Previously run:               4
2025-10-25T00:40:17.795+09:00  INFO 13852 --- [Bank-Card] [main] liquibase.util                           : Filtered out:                 0
2025-10-25T00:40:17.795+09:00  INFO 13852 --- [Bank-Card] [main] liquibase.util                           : -------------------------------
2025-10-25T00:40:17.795+09:00  INFO 13852 --- [Bank-Card] [main] liquibase.util                           : Total change sets:            4
2025-10-25T00:40:17.795+09:00  INFO 13852 --- [Bank-Card] [main] liquibase.util                           : Update summary generated
2025-10-25T00:40:17.795+09:00  INFO 13852 --- [Bank-Card] [main] liquibase.command                        : Command execution complete
2025-10-25T00:40:17.822+09:00  INFO 13852 --- [Bank-Card] [main] o.hibernate.jpa.internal.util.LogHelper  : HHH000204: Processing PersistenceUnitInfo [name: default]
2025-10-25T00:40:17.841+09:00  INFO 13852 --- [Bank-Card] [main] org.hibernate.Version                    : HHH000412: Hibernate ORM core version 6.6.29.Final
2025-10-25T00:40:17.851+09:00  INFO 13852 --- [Bank-Card] [main] o.h.c.internal.RegionFactoryInitiator    : HHH000026: Second-level cache disabled
2025-10-25T00:40:17.941+09:00  INFO 13852 --- [Bank-Card] [main] o.s.o.j.p.SpringPersistenceUnitInfo      : No LoadTimeWeaver setup: ignoring JPA class transformer
2025-10-25T00:40:17.966+09:00  INFO 13852 --- [Bank-Card] [main] org.hibernate.orm.connections.pooling    : HHH10001005: Database info:
	Database JDBC URL [Connecting through datasource 'HikariDataSource (HikariPool-1)']
	Database driver: undefined/unknown
	Database version: 17.4
	Autocommit mode: undefined/unknown
	Isolation level: undefined/unknown
	Minimum pool size: undefined/unknown
	Maximum pool size: undefined/unknown
2025-10-25T00:40:18.310+09:00  INFO 13852 --- [Bank-Card] [main] o.h.e.t.j.p.i.JtaPlatformInitiator       : HHH000489: No JTA platform available (set 'hibernate.transaction.jta.platform' to enable JTA platform integration)
2025-10-25T00:40:18.451+09:00  INFO 13852 --- [Bank-Card] [main] j.LocalContainerEntityManagerFactoryBean : Initialized JPA EntityManagerFactory for persistence unit 'default'
2025-10-25T00:40:18.568+09:00  INFO 13852 --- [Bank-Card] [main] o.s.d.j.r.query.QueryEnhancerFactory     : Hibernate is in classpath; If applicable, HQL parser will be used.
2025-10-25T00:40:18.830+09:00  INFO 13852 --- [Bank-Card] [main] r$InitializeUserDetailsManagerConfigurer : Global AuthenticationManager configured with UserDetailsService bean with name customUserDetailsService
2025-10-25T00:40:18.886+09:00  WARN 13852 --- [Bank-Card] [main] JpaBaseConfiguration$JpaWebConfiguration : spring.jpa.open-in-view is enabled by default. Therefore, database queries may be performed during view rendering. Explicitly configure spring.jpa.open-in-view to disable this warning
2025-10-25T00:40:19.168+09:00  INFO 13852 --- [Bank-Card] [main] o.s.b.w.embedded.tomcat.TomcatWebServer  : Tomcat started on port 8080 (http) with context path '/'
2025-10-25T00:40:19.172+09:00  INFO 13852 --- [Bank-Card] [main] code.uz.bankcard.BankCardApplication     : Started BankCardApplication in 2.452 seconds (process running for 2.746)
2025-10-25T00:43:38.828+09:00  WARN 13852 --- [Bank-Card] [HikariPool-1:housekeeper] com.zaxxer.hikari.pool.HikariPool        : HikariPool-1 - Thread starvation or clock leap detected (housekeeper delta=51s150ms).
2025-10-25T00:43:56.317+09:00  INFO 13852 --- [Bank-Card] [http-nio-8080-exec-1] o.a.c.c.C.[Tomcat].[localhost].[/]       : Initializing Spring DispatcherServlet 'dispatcherServlet'
2025-10-25T00:43:56.317+09:00  INFO 13852 --- [Bank-Card] [http-nio-8080-exec-1] o.s.web.servlet.DispatcherServlet        : Initializing Servlet 'dispatcherServlet'
2025-10-25T00:43:56.320+09:00  INFO 13852 --- [Bank-Card] [http-nio-8080-exec-1] o.s.web.servlet.DispatcherServlet        : Completed initialization in 3 ms
2025-10-25T00:43:56.816+09:00  INFO 13852 --- [Bank-Card] [http-nio-8080-exec-9] o.springdoc.api.AbstractOpenApiResource  : Init duration for springdoc-openapi is: 199 ms
2025-10-25T00:51:10.462+09:00  WARN 13852 --- [Bank-Card] [HikariPool-1:housekeeper] com.zaxxer.hikari.pool.HikariPool        : HikariPool-1 - Thread starvation or clock leap detected (housekeeper delta=1m48s412ms).
2025-10-25T00:57:32.751+09:00  INFO 13852 --- [Bank-Card] [SpringApplicationShutdownHook] o.s.b.w.e.tomcat.GracefulShutdown        : Commencing graceful shutdown. Waiting for active requests to complete
2025-10-25T00:57:32.757+09:00  INFO 13852 --- [Bank-Card] [tomcat-shutdown] o.s.b.w.e.tomcat.GracefulShutdown        : Graceful shutdown complete
2025-10-25T00:57:32.782+09:00  INFO 13852 --- [Bank-Card] [SpringApplicationShutdownHook] j.LocalContainerEntityManagerFactoryBean : Closing JPA EntityManagerFactory for persistence unit 'default'
2025-10-25T00:57:32.788+09:00  INFO 13852 --- [Bank-Card] [SpringApplicationShutdownHook] com.zaxxer.hikari.HikariDataSource       : HikariPool-1 - Shutdown initiated...
2025-10-25T00:57:32.791+09:00  INFO 13852 --- [Bank-Card] [SpringApplicationShutdownHook] com.zaxxer.hikari.HikariDataSource       : HikariPool-1 - Shutdown completed.
2025-10-25T01:05:36.574+09:00  INFO 14513 --- [Bank-Card] [main] code.uz.bankcard.BankCardApplication     : Starting BankCardApplication using Java 23.0.2 with PID 14513 (/Users/nodirjonokilov/Desktop/Bank-Card/target/classes started by nodirjonokilov in /Users/nodirjonokilov/Desktop/Bank-Card)
2025-10-25T01:05:36.577+09:00  INFO 14513 --- [Bank-Card] [main] code.uz.bankcard.BankCardApplication     : No active profile set, falling back to 1 default profile: "default"
2025-10-25T01:05:36.913+09:00  INFO 14513 --- [Bank-Card] [main] .s.d.r.c.RepositoryConfigurationDelegate : Bootstrapping Spring Data JPA repositories in DEFAULT mode.
2025-10-25T01:05:36.933+09:00  INFO 14513 --- [Bank-Card] [main] .s.d.r.c.RepositoryConfigurationDelegate : Finished Spring Data repository scanning in 17 ms. Found 4 JPA repository interfaces.
2025-10-25T01:05:37.132+09:00  INFO 14513 --- [Bank-Card] [main] o.s.b.w.embedded.tomcat.TomcatWebServer  : Tomcat initialized with port 8080 (http)
2025-10-25T01:05:37.138+09:00  INFO 14513 --- [Bank-Card] [main] o.apache.catalina.core.StandardService   : Starting service [Tomcat]
2025-10-25T01:05:37.138+09:00  INFO 14513 --- [Bank-Card] [main] o.apache.catalina.core.StandardEngine    : Starting Servlet engine: [Apache Tomcat/10.1.46]
2025-10-25T01:05:37.153+09:00  INFO 14513 --- [Bank-Card] [main] o.a.c.c.C.[Tomcat].[localhost].[/]       : Initializing Spring embedded WebApplicationContext
2025-10-25T01:05:37.153+09:00  INFO 14513 --- [Bank-Card] [main] w.s.c.ServletWebServerApplicationContext : Root WebApplicationContext: initialization completed in 560 ms
2025-10-25T01:05:37.207+09:00  INFO 14513 --- [Bank-Card] [main] com.zaxxer.hikari.HikariDataSource       : HikariPool-1 - Starting...
2025-10-25T01:05:37.249+09:00  INFO 14513 --- [Bank-Card] [main] com.zaxxer.hikari.pool.HikariPool        : HikariPool-1 - Added connection org.postgresql.jdbc.PgConnection@3bc20984
2025-10-25T01:05:37.249+09:00  INFO 14513 --- [Bank-Card] [main] com.zaxxer.hikari.HikariDataSource       : HikariPool-1 - Start completed.
2025-10-25T01:05:37.312+09:00  INFO 14513 --- [Bank-Card] [main] liquibase.database                       : Set default schema name to bank_card
2025-10-25T01:05:37.514+09:00  INFO 14513 --- [Bank-Card] [main] liquibase.changelog                      : Reading from bank_card.databasechangelog
2025-10-25T01:05:37.537+09:00  INFO 14513 --- [Bank-Card] [main] liquibase.ui                             : Database is up to date, no changesets to execute
2025-10-25T01:05:37.538+09:00  INFO 14513 --- [Bank-Card] [main] liquibase.changelog                      : Reading from bank_card.databasechangelog
2025-10-25T01:05:37.540+09:00  INFO 14513 --- [Bank-Card] [main] liquibase.util                           : UPDATE SUMMARY
2025-10-25T01:05:37.540+09:00  INFO 14513 --- [Bank-Card] [main] liquibase.util                           : Run:                          0
2025-10-25T01:05:37.540+09:00  INFO 14513 --- [Bank-Card] [main] liquibase.util                           : Previously run:               4
2025-10-25T01:05:37.541+09:00  INFO 14513 --- [Bank-Card] [main] liquibase.util                           : Filtered out:                 0
2025-10-25T01:05:37.541+09:00  INFO 14513 --- [Bank-Card] [main] liquibase.util                           : -------------------------------
2025-10-25T01:05:37.541+09:00  INFO 14513 --- [Bank-Card] [main] liquibase.util                           : Total change sets:            4
2025-10-25T01:05:37.541+09:00  INFO 14513 --- [Bank-Card] [main] liquibase.util                           : Update summary generated
2025-10-25T01:05:37.541+09:00  INFO 14513 --- [Bank-Card] [main] liquibase.command                        : Command execution complete
2025-10-25T01:05:37.571+09:00  INFO 14513 --- [Bank-Card] [main] o.hibernate.jpa.internal.util.LogHelper  : HHH000204: Processing PersistenceUnitInfo [name: default]
2025-10-25T01:05:37.596+09:00  INFO 14513 --- [Bank-Card] [main] org.hibernate.Version                    : HHH000412: Hibernate ORM core version 6.6.29.Final
2025-10-25T01:05:37.609+09:00  INFO 14513 --- [Bank-Card] [main] o.h.c.internal.RegionFactoryInitiator    : HHH000026: Second-level cache disabled
2025-10-25T01:05:37.715+09:00  INFO 14513 --- [Bank-Card] [main] o.s.o.j.p.SpringPersistenceUnitInfo      : No LoadTimeWeaver setup: ignoring JPA class transformer
2025-10-25T01:05:37.751+09:00  INFO 14513 --- [Bank-Card] [main] org.hibernate.orm.connections.pooling    : HHH10001005: Database info:
	Database JDBC URL [Connecting through datasource 'HikariDataSource (HikariPool-1)']
	Database driver: undefined/unknown
	Database version: 17.4
	Autocommit mode: undefined/unknown
	Isolation level: undefined/unknown
	Minimum pool size: undefined/unknown
	Maximum pool size: undefined/unknown
2025-10-25T01:05:38.113+09:00  INFO 14513 --- [Bank-Card] [main] o.h.e.t.j.p.i.JtaPlatformInitiator       : HHH000489: No JTA platform available (set 'hibernate.transaction.jta.platform' to enable JTA platform integration)
2025-10-25T01:05:38.256+09:00  INFO 14513 --- [Bank-Card] [main] j.LocalContainerEntityManagerFactoryBean : Initialized JPA EntityManagerFactory for persistence unit 'default'
2025-10-25T01:05:38.376+09:00  INFO 14513 --- [Bank-Card] [main] o.s.d.j.r.query.QueryEnhancerFactory     : Hibernate is in classpath; If applicable, HQL parser will be used.
2025-10-25T01:05:38.649+09:00  INFO 14513 --- [Bank-Card] [main] r$InitializeUserDetailsManagerConfigurer : Global AuthenticationManager configured with UserDetailsService bean with name customUserDetailsService
2025-10-25T01:05:38.717+09:00  WARN 14513 --- [Bank-Card] [main] JpaBaseConfiguration$JpaWebConfiguration : spring.jpa.open-in-view is enabled by default. Therefore, database queries may be performed during view rendering. Explicitly configure spring.jpa.open-in-view to disable this warning
2025-10-25T01:05:39.003+09:00  INFO 14513 --- [Bank-Card] [main] o.s.b.w.embedded.tomcat.TomcatWebServer  : Tomcat started on port 8080 (http) with context path '/'
2025-10-25T01:05:39.008+09:00  INFO 14513 --- [Bank-Card] [main] code.uz.bankcard.BankCardApplication     : Started BankCardApplication in 2.608 seconds (process running for 2.988)
2025-10-25T01:06:08.878+09:00  INFO 14513 --- [Bank-Card] [SpringApplicationShutdownHook] o.s.b.w.e.tomcat.GracefulShutdown        : Commencing graceful shutdown. Waiting for active requests to complete
2025-10-25T01:06:08.883+09:00  INFO 14513 --- [Bank-Card] [tomcat-shutdown] o.s.b.w.e.tomcat.GracefulShutdown        : Graceful shutdown complete
2025-10-25T01:06:08.888+09:00  INFO 14513 --- [Bank-Card] [SpringApplicationShutdownHook] j.LocalContainerEntityManagerFactoryBean : Closing JPA EntityManagerFactory for persistence unit 'default'
2025-10-25T01:06:08.894+09:00  INFO 14513 --- [Bank-Card] [SpringApplicationShutdownHook] com.zaxxer.hikari.HikariDataSource       : HikariPool-1 - Shutdown initiated...
2025-10-25T01:06:08.895+09:00  INFO 14513 --- [Bank-Card] [SpringApplicationShutdownHook] com.zaxxer.hikari.HikariDataSource       : HikariPool-1 - Shutdown completed.
